  PathToMessage.cpp
  PathfindingDebugContent.cpp
  Pathfinder.cpp
  Path.cpp
  NodeRecord.cpp
  Node.cpp
  main.cpp
  GridPathfinder.cpp
  GridGraph.cpp
  Graph.cpp
  GameMessageManager.cpp
  GameMessage.cpp
  GameApp.cpp
  Dijkstra.cpp
c:\users\student\desktop\ai\egp-410\gameai\pathfinding\pathfinding\game\dijkstra.cpp(33): error C2664: 'void std::vector<Node *,std::allocator<_Ty>>::push_back(_Ty &&)': cannot convert argument 1 from 'NodeRecord *' to 'Node *const &'
          with
          [
              _Ty=Node *
          ]
  c:\users\student\desktop\ai\egp-410\gameai\pathfinding\pathfinding\game\dijkstra.cpp(33): note: Reason: cannot convert from 'NodeRecord *' to 'Node *const '
  c:\users\student\desktop\ai\egp-410\gameai\pathfinding\pathfinding\game\dijkstra.cpp(33): note: Types pointed to are unrelated; conversion requires reinterpret_cast, C-style cast or function-style cast
  DepthFirstPathfinder.cpp
  DebugDisplay.cpp
  Connection.cpp
  Astar.cpp
  Generating Code...
