c:\users\student\desktop\ai\egp-410\gameai\pathfinding\pathfinding\game\debug\vc141.pdb
c:\users\student\desktop\ai\egp-410\gameai\pathfinding\pathfinding\game\debug\vc141.idb
c:\users\student\desktop\ai\egp-410\gameai\pathfinding\pathfinding\game\debug\connection.obj
c:\users\student\desktop\ai\egp-410\gameai\pathfinding\pathfinding\game\debug\debugdisplay.obj
c:\users\student\desktop\ai\egp-410\gameai\pathfinding\pathfinding\game\debug\depthfirstpathfinder.obj
c:\users\student\desktop\ai\egp-410\gameai\pathfinding\pathfinding\game\debug\gameapp.obj
c:\users\student\desktop\ai\egp-410\gameai\pathfinding\pathfinding\game\debug\gamemessage.obj
c:\users\student\desktop\ai\egp-410\gameai\pathfinding\pathfinding\game\debug\gamemessagemanager.obj
c:\users\student\desktop\ai\egp-410\gameai\pathfinding\pathfinding\game\debug\graph.obj
c:\users\student\desktop\ai\egp-410\gameai\pathfinding\pathfinding\game\debug\gridgraph.obj
c:\users\student\desktop\ai\egp-410\gameai\pathfinding\pathfinding\game\debug\gridpathfinder.obj
c:\users\student\desktop\ai\egp-410\gameai\pathfinding\pathfinding\game\debug\main.obj
c:\users\student\desktop\ai\egp-410\gameai\pathfinding\pathfinding\game\debug\node.obj
c:\users\student\desktop\ai\egp-410\gameai\pathfinding\pathfinding\game\debug\path.obj
c:\users\student\desktop\ai\egp-410\gameai\pathfinding\pathfinding\game\debug\pathfinder.obj
c:\users\student\desktop\ai\egp-410\gameai\pathfinding\pathfinding\game\debug\pathfindingdebugcontent.obj
c:\users\student\desktop\ai\egp-410\gameai\pathfinding\pathfinding\game\debug\pathtomessage.obj
c:\users\student\desktop\ai\egp-410\gameai\pathfinding\pathfinding\debug\game.ilk
c:\users\student\desktop\ai\egp-410\gameai\pathfinding\pathfinding\debug\game.exe
c:\users\student\desktop\ai\egp-410\gameai\pathfinding\pathfinding\debug\game.pdb
c:\users\student\desktop\ai\egp-410\gameai\pathfinding\pathfinding\game\debug\game.tlog\cl.command.1.tlog
c:\users\student\desktop\ai\egp-410\gameai\pathfinding\pathfinding\game\debug\game.tlog\cl.read.1.tlog
c:\users\student\desktop\ai\egp-410\gameai\pathfinding\pathfinding\game\debug\game.tlog\cl.write.1.tlog
c:\users\student\desktop\ai\egp-410\gameai\pathfinding\pathfinding\game\debug\game.tlog\link.command.1.tlog
c:\users\student\desktop\ai\egp-410\gameai\pathfinding\pathfinding\game\debug\game.tlog\link.read.1.tlog
c:\users\student\desktop\ai\egp-410\gameai\pathfinding\pathfinding\game\debug\game.tlog\link.write.1.tlog
